#-----------------------------------------------------------
# Vivado v2018.2 (64-bit)
# SW Build 2258646 on Thu Jun 14 20:03:12 MDT 2018
# IP Build 2256618 on Thu Jun 14 22:10:49 MDT 2018
# Start of session at: Mon Jan  3 10:43:22 2022
# Process ID: 15992
# Current directory: C:/Users/suhai/Desktop/3-ugersHardware/hdmi-out
# Command line: vivado.exe -gui_launcher_event rodinguilauncherevent17056 C:\Users\suhai\Desktop\3-ugersHardware\hdmi-out\hdmi-out.xpr
# Log file: C:/Users/suhai/Desktop/3-ugersHardware/hdmi-out/vivado.log
# Journal file: C:/Users/suhai/Desktop/3-ugersHardware/hdmi-out\vivado.jou
#-----------------------------------------------------------
start_gui
open_project C:/Users/suhai/Desktop/3-ugersHardware/hdmi-out/hdmi-out.xpr
INFO: [Project 1-313] Project file moved from 'C:/Users/suhai/Desktop/3-ugers hardware/hdmi-out' since last save.
Scanning sources...
Finished scanning sources
INFO: [IP_Flow 19-234] Refreshing IP repositories
INFO: [IP_Flow 19-1700] Loaded user IP repository 'c:/Users/suhai/Desktop/3-ugersHardware/hdmi-out/hdmi-out.ipdefs/repo_0_0'.
INFO: [IP_Flow 19-2313] Loaded Vivado IP repository 'C:/Xilinx/Vivado/2018.2/data/ip'.
open_project: Time (s): cpu = 00:00:37 ; elapsed = 00:00:16 . Memory (MB): peak = 904.711 ; gain = 201.121
update_compile_order -fileset sources_1
file copy -force C:/Users/suhai/Desktop/3-ugersHardware/hdmi-out/hdmi-out.runs/impl_1/hdmi_out_wrapper.sysdef C:/Users/suhai/Desktop/3-ugersHardware/hdmi-out/hdmi-out.sdk/hdmi_out_wrapper.hdf

launch_sdk -workspace C:/Users/suhai/Desktop/3-ugersHardware/hdmi-out/hdmi-out.sdk -hwspec C:/Users/suhai/Desktop/3-ugersHardware/hdmi-out/hdmi-out.sdk/hdmi_out_wrapper.hdf
INFO: [Vivado 12-393] Launching SDK...
INFO: [Vivado 12-417] Running xsdk -workspace C:/Users/suhai/Desktop/3-ugersHardware/hdmi-out/hdmi-out.sdk -hwspec C:/Users/suhai/Desktop/3-ugersHardware/hdmi-out/hdmi-out.sdk/hdmi_out_wrapper.hdf
INFO: [Vivado 12-3157] SDK launch initiated. Please check console for any further messages.
open_bd_design {C:/Users/suhai/Desktop/3-ugersHardware/hdmi-out/hdmi-out.srcs/sources_1/bd/hdmi_out/hdmi_out.bd}
Adding cell -- digilentinc.com:ip:axi_dynclk:1.0 - axi_dynclk_0
Adding cell -- digilentinc.com:ip:rgb2dvi:1.3 - rgb2dvi_0
Adding cell -- xilinx.com:ip:xlconcat:2.1 - xlconcat_0
Adding cell -- xilinx.com:ip:axi_gpio:2.0 - axi_gpio_btn
Adding cell -- xilinx.com:ip:axi_gpio:2.0 - axi_gpio_hdmi
Adding cell -- xilinx.com:ip:axi_gpio:2.0 - axi_gpio_led
Adding cell -- xilinx.com:ip:axi_gpio:2.0 - axi_gpio_sw
Adding cell -- xilinx.com:ip:axi_vdma:6.3 - axi_vdma_0
Adding cell -- xilinx.com:ip:axis_subset_converter:1.1 - axis_subset_converter_0
Adding cell -- xilinx.com:ip:proc_sys_reset:5.0 - proc_sys_reset_0
Adding cell -- xilinx.com:ip:proc_sys_reset:5.0 - proc_sys_reset_1
Adding cell -- xilinx.com:ip:processing_system7:5.5 - processing_system7_0
Adding cell -- xilinx.com:ip:v_axi4s_vid_out:4.0 - v_axi4s_vid_out_0
Adding cell -- xilinx.com:ip:v_tc:6.1 - v_tc_0
Adding cell -- xilinx.com:ip:xlconstant:1.1 - xlconstant_0
Adding cell -- xilinx.com:ip:xlconstant:1.1 - xlconstant_1
WARNING: [BD 41-1731] Type mismatch between connected pins: /axi_dynclk_0/LOCKED_O(undef) and /rgb2dvi_0/aRst_n(rst)
Adding cell -- xilinx.com:ip:axi_crossbar:2.1 - xbar
Adding cell -- xilinx.com:ip:axi_protocol_converter:2.1 - auto_pc
Adding cell -- xilinx.com:ip:axi_register_slice:2.1 - s00_regslice
Adding cell -- xilinx.com:ip:axi_data_fifo:2.1 - s00_data_fifo
Adding cell -- xilinx.com:ip:axi_protocol_converter:2.1 - auto_pc
Successfully read diagram <hdmi_out> from BD file <C:/Users/suhai/Desktop/3-ugersHardware/hdmi-out/hdmi-out.srcs/sources_1/bd/hdmi_out/hdmi_out.bd>
INFO: [Common 17-365] Interrupt caught but 'open_bd_design' cannot be canceled. Please wait for command to finish.
open_bd_design: Time (s): cpu = 00:00:23 ; elapsed = 00:00:24 . Memory (MB): peak = 1033.516 ; gain = 113.996
INFO: [Common 17-681] Processing pending cancel.
1
launch_sdk -workspace C:/Users/suhai/Desktop/3-ugersHardware/hdmi-out/hdmi-out.sdk -hwspec C:/Users/suhai/Desktop/3-ugersHardware/hdmi-out/hdmi-out.sdk/hdmi_out_wrapper.hdf
INFO: [Vivado 12-393] Launching SDK...
INFO: [Vivado 12-417] Running xsdk -workspace C:/Users/suhai/Desktop/3-ugersHardware/hdmi-out/hdmi-out.sdk -hwspec C:/Users/suhai/Desktop/3-ugersHardware/hdmi-out/hdmi-out.sdk/hdmi_out_wrapper.hdf
INFO: [Vivado 12-3157] SDK launch initiated. Please check console for any further messages.
open_bd_design {C:/Users/suhai/Desktop/3-ugersHardware/hdmi-out/hdmi-out.srcs/sources_1/bd/hdmi_out/hdmi_out.bd}
regenerate_bd_layout
save_bd_design
Wrote  : <C:/Users/suhai/Desktop/3-ugersHardware/hdmi-out/hdmi-out.srcs/sources_1/bd/hdmi_out/ui/bd_f2526487.ui> 
exit
INFO: [Common 17-206] Exiting Vivado at Mon Jan  3 16:45:57 2022...
