#-----------------------------------------------------------
# Vivado v2018.2 (64-bit)
# SW Build 2258646 on Thu Jun 14 20:03:12 MDT 2018
# IP Build 2256618 on Thu Jun 14 22:10:49 MDT 2018
# Start of session at: Sat Jan 15 10:47:34 2022
# Process ID: 25344
# Current directory: C:/Users/JayHo/Desktop/3/hdmi-out
# Command line: vivado.exe -gui_launcher_event rodinguilauncherevent4972 C:\Users\JayHo\Desktop\3\hdmi-out\hdmi-out.xpr
# Log file: C:/Users/JayHo/Desktop/3/hdmi-out/vivado.log
# Journal file: C:/Users/JayHo/Desktop/3/hdmi-out\vivado.jou
#-----------------------------------------------------------
start_gui
open_project C:/Users/JayHo/Desktop/3/hdmi-out/hdmi-out.xpr
Scanning sources...
Finished scanning sources
WARNING: [filemgmt 56-3] IP Repository Path: Could not find the directory 'C:/Users/JayHo/Desktop/digitale_systemer/vivado/NotIP'.
INFO: [IP_Flow 19-234] Refreshing IP repositories
INFO: [IP_Flow 19-1700] Loaded user IP repository 'c:/Users/JayHo/Desktop/3/hdmi-out/hdmi-out.ipdefs/repo_0_0'.
WARNING: [IP_Flow 19-2248] Failed to load user IP repository 'c:/Users/JayHo/Desktop/digitale_systemer/vivado/NotIP'; Can't find the specified path.
If this directory should no longer be in your list of user repositories, go to the IP Settings dialog and remove it.
INFO: [IP_Flow 19-2313] Loaded Vivado IP repository 'C:/Xilinx/Vivado/2018.2/data/ip'.
open_project: Time (s): cpu = 00:00:18 ; elapsed = 00:00:13 . Memory (MB): peak = 907.688 ; gain = 179.359
update_compile_order -fileset sources_1
open_bd_design {C:/Users/JayHo/Desktop/3/hdmi-out/hdmi-out.srcs/sources_1/bd/hdmi_out/hdmi_out.bd}
Adding cell -- digilentinc.com:ip:axi_dynclk:1.0 - axi_dynclk_0
Adding cell -- digilentinc.com:ip:rgb2dvi:1.3 - rgb2dvi_0
Adding cell -- xilinx.com:ip:xlconcat:2.1 - xlconcat_0
Adding cell -- xilinx.com:ip:axi_gpio:2.0 - axi_gpio_btn
Adding cell -- xilinx.com:ip:axi_gpio:2.0 - axi_gpio_hdmi
Adding cell -- xilinx.com:ip:axi_gpio:2.0 - axi_gpio_led
Adding cell -- xilinx.com:ip:axi_gpio:2.0 - axi_gpio_sw
Adding cell -- xilinx.com:ip:axi_vdma:6.3 - axi_vdma_0
Adding cell -- xilinx.com:ip:axis_subset_converter:1.1 - axis_subset_converter_0
Adding cell -- xilinx.com:ip:proc_sys_reset:5.0 - proc_sys_reset_0
Adding cell -- xilinx.com:ip:proc_sys_reset:5.0 - proc_sys_reset_1
Adding cell -- xilinx.com:ip:processing_system7:5.5 - processing_system7_0
Adding cell -- xilinx.com:ip:v_axi4s_vid_out:4.0 - v_axi4s_vid_out_0
Adding cell -- xilinx.com:ip:v_tc:6.1 - v_tc_0
Adding cell -- xilinx.com:ip:xlconstant:1.1 - xlconstant_0
Adding cell -- xilinx.com:ip:xlconstant:1.1 - xlconstant_1
Adding cell -- xilinx.com:ip:util_vector_logic:2.0 - util_vector_logic_0
Adding cell -- xilinx.com:ip:axi_timer:2.0 - axi_timer_0
Adding cell -- xilinx.com:ip:axi_gpio:2.0 - axi_gpio_0
WARNING: [BD 41-1731] Type mismatch between connected pins: /axi_dynclk_0/LOCKED_O(undef) and /rgb2dvi_0/aRst_n(rst)
Adding cell -- xilinx.com:ip:axi_crossbar:2.1 - xbar
Adding cell -- xilinx.com:ip:axi_protocol_converter:2.1 - auto_pc
Adding cell -- xilinx.com:ip:axi_register_slice:2.1 - s00_regslice
Adding cell -- xilinx.com:ip:axi_data_fifo:2.1 - s00_data_fifo
Adding cell -- xilinx.com:ip:axi_protocol_converter:2.1 - auto_pc
Successfully read diagram <hdmi_out> from BD file <C:/Users/JayHo/Desktop/3/hdmi-out/hdmi-out.srcs/sources_1/bd/hdmi_out/hdmi_out.bd>
open_bd_design: Time (s): cpu = 00:00:09 ; elapsed = 00:00:07 . Memory (MB): peak = 1011.379 ; gain = 95.852
exit
INFO: [Common 17-206] Exiting Vivado at Sat Jan 15 10:48:19 2022...
