#-----------------------------------------------------------
# Vivado v2018.2 (64-bit)
# SW Build 2258646 on Thu Jun 14 20:03:12 MDT 2018
# IP Build 2256618 on Thu Jun 14 22:10:49 MDT 2018
# Start of session at: Thu Jan 13 14:16:46 2022
# Process ID: 11852
# Current directory: C:/Users/JayHo/Desktop/HDMI Test/3/hdmi-out
# Command line: vivado.exe -gui_launcher_event rodinguilauncherevent13556 C:\Users\JayHo\Desktop\HDMI Test\3\hdmi-out\hdmi-out.xpr
# Log file: C:/Users/JayHo/Desktop/HDMI Test/3/hdmi-out/vivado.log
# Journal file: C:/Users/JayHo/Desktop/HDMI Test/3/hdmi-out\vivado.jou
#-----------------------------------------------------------
start_gui
open_project {C:/Users/JayHo/Desktop/HDMI Test/3/hdmi-out/hdmi-out.xpr}
INFO: [Project 1-313] Project file moved from 'C:/Users/suhai/Desktop/3-ugersHardware/hdmi-out' since last save.
Scanning sources...
Finished scanning sources
WARNING: [filemgmt 56-2] IP Repository Path: Could not find the directory 'C:/Users/JayHo/Desktop/HDMI Test/digitale_systemer/vivado/NotIP', nor could it be found using path 'C:/Users/suhai/Desktop/digitale_systemer/vivado/NotIP'.
INFO: [IP_Flow 19-234] Refreshing IP repositories
INFO: [IP_Flow 19-1700] Loaded user IP repository 'c:/Users/JayHo/Desktop/HDMI Test/3/hdmi-out/hdmi-out.ipdefs/repo_0_0'.
WARNING: [IP_Flow 19-2248] Failed to load user IP repository 'c:/Users/JayHo/Desktop/HDMI Test/digitale_systemer/vivado/NotIP'; Can't find the specified path.
If this directory should no longer be in your list of user repositories, go to the IP Settings dialog and remove it.
INFO: [IP_Flow 19-2313] Loaded Vivado IP repository 'C:/Xilinx/Vivado/2018.2/data/ip'.
open_project: Time (s): cpu = 00:00:19 ; elapsed = 00:00:15 . Memory (MB): peak = 844.277 ; gain = 177.391
update_compile_order -fileset sources_1
open_bd_design {C:/Users/JayHo/Desktop/HDMI Test/3/hdmi-out/hdmi-out.srcs/sources_1/bd/hdmi_out/hdmi_out.bd}
Adding cell -- digilentinc.com:ip:axi_dynclk:1.0 - axi_dynclk_0
Adding cell -- digilentinc.com:ip:rgb2dvi:1.3 - rgb2dvi_0
Adding cell -- xilinx.com:ip:xlconcat:2.1 - xlconcat_0
Adding cell -- xilinx.com:ip:axi_gpio:2.0 - axi_gpio_btn
Adding cell -- xilinx.com:ip:axi_gpio:2.0 - axi_gpio_hdmi
Adding cell -- xilinx.com:ip:axi_gpio:2.0 - axi_gpio_led
Adding cell -- xilinx.com:ip:axi_gpio:2.0 - axi_gpio_sw
Adding cell -- xilinx.com:ip:axi_vdma:6.3 - axi_vdma_0
Adding cell -- xilinx.com:ip:axis_subset_converter:1.1 - axis_subset_converter_0
Adding cell -- xilinx.com:ip:proc_sys_reset:5.0 - proc_sys_reset_0
Adding cell -- xilinx.com:ip:proc_sys_reset:5.0 - proc_sys_reset_1
Adding cell -- xilinx.com:ip:processing_system7:5.5 - processing_system7_0
Adding cell -- xilinx.com:ip:v_axi4s_vid_out:4.0 - v_axi4s_vid_out_0
Adding cell -- xilinx.com:ip:v_tc:6.1 - v_tc_0
Adding cell -- xilinx.com:ip:xlconstant:1.1 - xlconstant_0
Adding cell -- xilinx.com:ip:xlconstant:1.1 - xlconstant_1
Adding cell -- xilinx.com:ip:util_vector_logic:2.0 - util_vector_logic_0
Adding cell -- xilinx.com:ip:axi_timer:2.0 - axi_timer_0
Adding cell -- xilinx.com:ip:axi_gpio:2.0 - axi_gpio_0
WARNING: [BD 41-1731] Type mismatch between connected pins: /axi_dynclk_0/LOCKED_O(undef) and /rgb2dvi_0/aRst_n(rst)
Adding cell -- xilinx.com:ip:axi_crossbar:2.1 - xbar
Adding cell -- xilinx.com:ip:axi_protocol_converter:2.1 - auto_pc
Adding cell -- xilinx.com:ip:axi_register_slice:2.1 - s00_regslice
Adding cell -- xilinx.com:ip:axi_data_fifo:2.1 - s00_data_fifo
Adding cell -- xilinx.com:ip:axi_protocol_converter:2.1 - auto_pc
Successfully read diagram <hdmi_out> from BD file <C:/Users/JayHo/Desktop/HDMI Test/3/hdmi-out/hdmi-out.srcs/sources_1/bd/hdmi_out/hdmi_out.bd>
open_bd_design: Time (s): cpu = 00:00:08 ; elapsed = 00:00:09 . Memory (MB): peak = 953.012 ; gain = 98.945
reset_run impl_1 -prev_step 
launch_runs impl_1 -to_step write_bitstream -jobs 8
[Thu Jan 13 14:18:19 2022] Launched impl_1...
Run output will be captured here: C:/Users/JayHo/Desktop/HDMI Test/3/hdmi-out/hdmi-out.runs/impl_1/runme.log
open_hw
connect_hw_server
INFO: [Labtools 27-2285] Connecting to hw_server url TCP:localhost:3121
INFO: [Labtools 27-2222] Launching hw_server...
INFO: [Labtools 27-2221] Launch Output:

****** Xilinx hw_server v2018.2
  **** Build date : Jun 14 2018-20:42:52
    ** Copyright 1986-2018 Xilinx, Inc. All Rights Reserved.


connect_hw_server: Time (s): cpu = 00:00:01 ; elapsed = 00:00:06 . Memory (MB): peak = 995.520 ; gain = 0.000
open_hw_target
INFO: [Labtoolstcl 44-466] Opening hw_target localhost:3121/xilinx_tcf/Digilent/210279759191A
open_hw_target: Time (s): cpu = 00:00:03 ; elapsed = 00:00:07 . Memory (MB): peak = 1635.426 ; gain = 639.906
set_property PROGRAM.FILE {C:/Users/JayHo/Desktop/HDMI Test/3/hdmi-out/hdmi-out.runs/impl_1/hdmi_out_wrapper.bit} [get_hw_devices xc7z010_1]
current_hw_device [get_hw_devices xc7z010_1]
refresh_hw_device -update_hw_probes false [lindex [get_hw_devices xc7z010_1] 0]
INFO: [Labtools 27-1435] Device xc7z010 (JTAG device index = 1) is not programmed (DONE status = 0).
set_property PROBES.FILE {} [get_hw_devices xc7z010_1]
set_property FULL_PROBES.FILE {} [get_hw_devices xc7z010_1]
set_property PROGRAM.FILE {C:/Users/JayHo/Desktop/HDMI Test/3/hdmi-out/hdmi-out.runs/impl_1/hdmi_out_wrapper.bit} [get_hw_devices xc7z010_1]
program_hw_devices [get_hw_devices xc7z010_1]
INFO: [Labtools 27-3164] End of startup status: HIGH
refresh_hw_device [lindex [get_hw_devices xc7z010_1] 0]
INFO: [Labtools 27-1434] Device xc7z010 (JTAG device index = 1) is programmed with a design that has no supported debug core(s) in it.
WARNING: [Labtools 27-3361] The debug hub core was not detected.
Resolution: 
1. Make sure the clock connected to the debug hub (dbg_hub) core is a free running clock and is active.
2. Make sure the BSCAN_SWITCH_USER_MASK device property in Vivado Hardware Manager reflects the user scan chain setting in the design and refresh the device.  To determine the user scan chain setting in the design, open the implemented design and use 'get_property C_USER_SCAN_CHAIN [get_debug_cores dbg_hub]'.
For more details on setting the scan chain property, consult the Vivado Debug and Programming User Guide (UG908).
file copy -force {C:/Users/JayHo/Desktop/HDMI Test/3/hdmi-out/hdmi-out.runs/impl_1/hdmi_out_wrapper.sysdef} {C:/Users/JayHo/Desktop/HDMI Test/3/hdmi-out/hdmi-out.sdk/hdmi_out_wrapper.hdf}

launch_sdk -workspace {C:/Users/JayHo/Desktop/HDMI Test/3/hdmi-out/hdmi-out.sdk} -hwspec {C:/Users/JayHo/Desktop/HDMI Test/3/hdmi-out/hdmi-out.sdk/hdmi_out_wrapper.hdf}
INFO: [Vivado 12-393] Launching SDK...
INFO: [Vivado 12-417] Running xsdk -workspace C:/Users/JayHo/Desktop/HDMI Test/3/hdmi-out/hdmi-out.sdk -hwspec C:/Users/JayHo/Desktop/HDMI Test/3/hdmi-out/hdmi-out.sdk/hdmi_out_wrapper.hdf
INFO: [Vivado 12-3157] SDK launch initiated. Please check console for any further messages.
launch_sdk -workspace {C:/Users/JayHo/Desktop/HDMI Test/3/hdmi-out/hdmi-out.sdk} -hwspec {C:/Users/JayHo/Desktop/HDMI Test/3/hdmi-out/hdmi-out.sdk/hdmi_out_wrapper.hdf}
INFO: [Vivado 12-393] Launching SDK...
INFO: [Vivado 12-417] Running xsdk -workspace C:/Users/JayHo/Desktop/HDMI Test/3/hdmi-out/hdmi-out.sdk -hwspec C:/Users/JayHo/Desktop/HDMI Test/3/hdmi-out/hdmi-out.sdk/hdmi_out_wrapper.hdf
INFO: [Vivado 12-3157] SDK launch initiated. Please check console for any further messages.
launch_sdk -workspace {C:/Users/JayHo/Desktop/HDMI Test/3/hdmi-out/hdmi-out.sdk} -hwspec {C:/Users/JayHo/Desktop/HDMI Test/3/hdmi-out/hdmi-out.sdk/hdmi_out_wrapper.hdf}
INFO: [Vivado 12-393] Launching SDK...
INFO: [Vivado 12-417] Running xsdk -workspace C:/Users/JayHo/Desktop/HDMI Test/3/hdmi-out/hdmi-out.sdk -hwspec C:/Users/JayHo/Desktop/HDMI Test/3/hdmi-out/hdmi-out.sdk/hdmi_out_wrapper.hdf
INFO: [Vivado 12-3157] SDK launch initiated. Please check console for any further messages.
reset_run impl_1 -prev_step 
launch_runs impl_1 -to_step write_bitstream -jobs 8
[Thu Jan 13 14:21:45 2022] Launched impl_1...
Run output will be captured here: C:/Users/JayHo/Desktop/HDMI Test/3/hdmi-out/hdmi-out.runs/impl_1/runme.log
open_run impl_1
INFO: [Netlist 29-17] Analyzing 372 Unisim elements for replacement
INFO: [Netlist 29-28] Unisim Transformation completed in 0 CPU seconds
INFO: [Project 1-479] Netlist was created with Vivado 2018.2
INFO: [Device 21-403] Loading part xc7z010clg400-1
INFO: [Project 1-570] Preparing netlist for logic optimization
INFO: [Timing 38-478] Restoring timing data from binary archive.
INFO: [Timing 38-479] Binary timing data restore complete.
INFO: [Project 1-856] Restoring constraints from binary archive.
INFO: [Project 1-853] Binary constraint restore complete.
Reading XDEF placement.
Reading placer database...
Reading XDEF routing.
Read XDEF File: Time (s): cpu = 00:00:01 ; elapsed = 00:00:01 . Memory (MB): peak = 2543.023 ; gain = 0.000
Restored from archive | CPU: 1.000000 secs | Memory: 0.000000 MB |
Finished XDEF File Restore: Time (s): cpu = 00:00:01 ; elapsed = 00:00:01 . Memory (MB): peak = 2543.023 ; gain = 0.000
INFO: [Project 1-111] Unisim Transformation Summary:
  A total of 15 instances were transformed.
  IOBUF => IOBUF (IBUF, OBUFT): 4 instances
  RAM32M => RAM32M (RAMD32, RAMD32, RAMD32, RAMD32, RAMD32, RAMD32, RAMS32, RAMS32): 10 instances
  RAM32X1D => RAM32X1D (RAMD32, RAMD32): 1 instances

open_run: Time (s): cpu = 00:00:31 ; elapsed = 00:00:30 . Memory (MB): peak = 2619.020 ; gain = 963.598
WARNING: [Timing 38-436] There are set_bus_skew constraint(s) in this design. Please run report_bus_skew to ensure that bus skew requirements are met.
file copy -force {C:/Users/JayHo/Desktop/HDMI Test/3/hdmi-out/hdmi-out.runs/impl_1/hdmi_out_wrapper.sysdef} {C:/Users/JayHo/Desktop/HDMI Test/3/hdmi-out/hdmi-out.sdk/hdmi_out_wrapper.hdf}

launch_sdk -workspace {C:/Users/JayHo/Desktop/HDMI Test/3/hdmi-out/hdmi-out.sdk} -hwspec {C:/Users/JayHo/Desktop/HDMI Test/3/hdmi-out/hdmi-out.sdk/hdmi_out_wrapper.hdf}
INFO: [Vivado 12-393] Launching SDK...
INFO: [Vivado 12-417] Running xsdk -workspace C:/Users/JayHo/Desktop/HDMI Test/3/hdmi-out/hdmi-out.sdk -hwspec C:/Users/JayHo/Desktop/HDMI Test/3/hdmi-out/hdmi-out.sdk/hdmi_out_wrapper.hdf
INFO: [Vivado 12-3157] SDK launch initiated. Please check console for any further messages.
exit
INFO: [Common 17-206] Exiting Vivado at Thu Jan 13 14:24:05 2022...
